c:\projects\ait.materials\advanced_game_engine_programming\projects\tutorial_3\x64\debug\vc142.pdb
c:\projects\ait.materials\advanced_game_engine_programming\projects\tutorial_3\x64\debug\vc142.idb
c:\projects\ait.materials\advanced_game_engine_programming\projects\tutorial_3\x64\debug\triangle_mesh.obj
c:\projects\ait.materials\advanced_game_engine_programming\projects\tutorial_3\x64\debug\shader_program.obj
c:\projects\ait.materials\advanced_game_engine_programming\projects\tutorial_3\x64\debug\shader.obj
c:\projects\ait.materials\advanced_game_engine_programming\projects\tutorial_3\x64\debug\scene.obj
c:\projects\ait.materials\advanced_game_engine_programming\projects\tutorial_3\x64\debug\square_mesh.obj
c:\projects\ait.materials\advanced_game_engine_programming\projects\tutorial_3\x64\debug\pointy_head.obj
c:\projects\ait.materials\advanced_game_engine_programming\projects\tutorial_3\x64\debug\mesh.obj
c:\projects\ait.materials\advanced_game_engine_programming\projects\tutorial_3\x64\debug\main.obj
c:\projects\ait.materials\advanced_game_engine_programming\projects\tutorial_3\x64\debug\game_scene.obj
c:\projects\ait.materials\advanced_game_engine_programming\projects\tutorial_3\x64\debug\game_object.obj
c:\projects\ait.materials\advanced_game_engine_programming\projects\tutorial_3\x64\debug\engine.obj
c:\projects\ait.materials\advanced_game_engine_programming\projects\tutorial_3\x64\debug\colored_2d_shader_program.obj
c:\projects\ait.materials\advanced_game_engine_programming\projects\tutorial_3\x64\debug\assets.obj
c:\projects\ait.materials\advanced_game_engine_programming\projects\tutorial_3\x64\debug\asset.obj
c:\projects\ait.materials\advanced_game_engine_programming\projects\tutorial_3\x64\debug\blocky_boy.obj
c:\projects\ait.materials\advanced_game_engine_programming\projects\framework_minimal\x64\debug\vc142.pdb
c:\projects\ait.materials\advanced_game_engine_programming\projects\framework_minimal\x64\debug\vc142.idb
c:\projects\ait.materials\advanced_game_engine_programming\projects\framework_minimal\x64\debug\shader.obj
c:\projects\ait.materials\advanced_game_engine_programming\projects\framework_minimal\x64\debug\scene.obj
c:\projects\ait.materials\advanced_game_engine_programming\projects\framework_minimal\x64\debug\main.obj
c:\projects\ait.materials\advanced_game_engine_programming\projects\framework_minimal\x64\debug\game_scene.obj
c:\projects\ait.materials\advanced_game_engine_programming\projects\framework_minimal\x64\debug\assets.obj
c:\projects\ait.materials\advanced_game_engine_programming\projects\framework_minimal\x64\debug\asset.obj
c:\projects\ait.materials\advanced_game_engine_programming\projects\framework_minimal\x64\debug\engine.obj
c:\projects\ait.materials\advanced_game_engine_programming\projects\framework_minimal\x64\debug\game_object.obj
c:\users\hp\desktop\start\framework_minimal\x64\debug\vc142.pdb
c:\users\hp\desktop\start\framework_minimal\x64\debug\vc142.idb
c:\users\hp\desktop\start\framework_minimal\x64\debug\scene.obj
c:\users\hp\desktop\start\framework_minimal\x64\debug\game_scene.obj
c:\users\hp\desktop\start\framework_minimal\x64\debug\game_object.obj
c:\users\hp\desktop\start\framework_minimal\x64\debug\asset.obj
c:\users\hp\desktop\start\framework_minimal\x64\debug\main.obj
c:\projects\ait.materials\advanced_game_engine_programming\projects\tutorial_3\x64\debug\feature_complete.exe
c:\projects\ait.materials\advanced_game_engine_programming\projects\tutorial_3\x64\debug\feature_complete.ilk
c:\projects\ait.materials\advanced_game_engine_programming\projects\tutorial_3\x64\debug\feature_complete.pdb
c:\projects\ait.materials\advanced_game_engine_programming\projects\framework_minimal\x64\debug\feature_complete.exe
c:\projects\ait.materials\advanced_game_engine_programming\projects\framework_minimal\x64\debug\feature_complete.ilk
c:\projects\ait.materials\advanced_game_engine_programming\projects\framework_minimal\x64\debug\feature_complete.pdb
c:\users\hp\desktop\start\framework_minimal\x64\debug\assets.obj
c:\users\hp\desktop\start\framework_minimal\x64\debug\blocky_boy.obj
c:\users\hp\desktop\start\framework_minimal\x64\debug\colored_2d_shader_program.obj
c:\users\hp\desktop\start\framework_minimal\x64\debug\engine.obj
c:\users\hp\desktop\start\framework_minimal\x64\debug\mesh.obj
c:\users\hp\desktop\start\framework_minimal\x64\debug\pointy_head.obj
c:\users\hp\desktop\start\framework_minimal\x64\debug\shader.obj
c:\users\hp\desktop\start\framework_minimal\x64\debug\shader_program.obj
c:\users\hp\desktop\start\framework_minimal\x64\debug\square_mesh.obj
c:\users\hp\desktop\start\framework_minimal\x64\debug\triangle_mesh.obj
c:\users\hp\desktop\start\framework_minimal\x64\debug\feature_complete.ilk
c:\users\hp\desktop\start\framework_minimal\x64\debug\feature_complete.pdb
c:\users\hp\desktop\start\framework_minimal\x64\debug\feature_complete.exe
c:\users\hp\desktop\start\framework_minimal\x64\debug\feature_complete.tlog\cl.command.1.tlog
c:\users\hp\desktop\start\framework_minimal\x64\debug\feature_complete.tlog\cl.read.1.tlog
c:\users\hp\desktop\start\framework_minimal\x64\debug\feature_complete.tlog\cl.write.1.tlog
c:\users\hp\desktop\start\framework_minimal\x64\debug\feature_complete.tlog\link.command.1.tlog
c:\users\hp\desktop\start\framework_minimal\x64\debug\feature_complete.tlog\link.read.1.tlog
c:\users\hp\desktop\start\framework_minimal\x64\debug\feature_complete.tlog\link.write.1.tlog
